Flow report for alarma_intrusion
Thu Aug 15 11:25:34 2019
Quartus Prime Version 18.1.0 Build 625 09/12/2018 SJ Lite Edition


---------------------
; Table of Contents ;
---------------------
  1. Legal Notice
  2. Flow Summary
  3. Flow Settings
  4. Flow Non-Default Global Settings
  5. Flow Elapsed Time
  6. Flow OS Summary
  7. Flow Log
  8. Flow Messages
  9. Flow Suppressed Messages



----------------
; Legal Notice ;
----------------
Copyright (C) 2018  Intel Corporation. All rights reserved.
Your use of Intel Corporation's design tools, logic functions 
and other software and tools, and its AMPP partner logic 
functions, and any output files from any of the foregoing 
(including device programming or simulation files), and any 
associated documentation or information are expressly subject 
to the terms and conditions of the Intel Program License 
Subscription Agreement, the Intel Quartus Prime License Agreement,
the Intel FPGA IP License Agreement, or other applicable license
agreement, including, without limitation, that your use is for
the sole purpose of programming logic devices manufactured by
Intel and sold by Intel or its authorized distributors.  Please
refer to the applicable agreement for further details.



+----------------------------------------------------------------------------------+
; Flow Summary                                                                     ;
+------------------------------------+---------------------------------------------+
; Flow Status                        ; Successful - Thu Aug 15 11:25:34 2019       ;
; Quartus Prime Version              ; 18.1.0 Build 625 09/12/2018 SJ Lite Edition ;
; Revision Name                      ; alarma_intrusion                            ;
; Top-level Entity Name              ; particion                                   ;
; Family                             ; Cyclone IV E                                ;
; Device                             ; EP4CE22F17C6                                ;
; Timing Models                      ; Final                                       ;
; Total logic elements               ; 1,331 / 22,320 ( 6 % )                      ;
;     Total combinational functions  ; 847 / 22,320 ( 4 % )                        ;
;     Dedicated logic registers      ; 977 / 22,320 ( 4 % )                        ;
; Total registers                    ; 977                                         ;
; Total pins                         ; 40 / 154 ( 26 % )                           ;
; Total virtual pins                 ; 0                                           ;
; Total memory bits                  ; 4,992 / 608,256 ( < 1 % )                   ;
; Embedded Multiplier 9-bit elements ; 0 / 132 ( 0 % )                             ;
; Total PLLs                         ; 0 / 4 ( 0 % )                               ;
+------------------------------------+---------------------------------------------+


+-----------------------------------------+
; Flow Settings                           ;
+-------------------+---------------------+
; Option            ; Setting             ;
+-------------------+---------------------+
; Start date & time ; 08/15/2019 11:24:04 ;
; Main task         ; Compilation         ;
; Revision Name     ; alarma_intrusion    ;
+-------------------+---------------------+


+---------------------------------------------------------------------------------------------------------------------------------------------------------------------------------------------------------------------------------------------------------+
; Flow Non-Default Global Settings                                                                                                                                                                                                                        ;
+-------------------------------------+---------------------------------------------------------------------------------------------------------------------------------------------------------------+------------------+-------------+------------------+
; Assignment Name                     ; Value                                                                                                                                                         ; Default Value    ; Entity Name ; Section Id       ;
+-------------------------------------+---------------------------------------------------------------------------------------------------------------------------------------------------------------+------------------+-------------+------------------+
; COMPILER_SIGNATURE_ID               ; 10995770589187.156588624301556                                                                                                                                ; --               ; --          ; --               ;
; EDA_OUTPUT_DATA_FORMAT              ; Vhdl                                                                                                                                                          ; --               ; --          ; eda_simulation   ;
; EDA_SIMULATION_TOOL                 ; ModelSim-Altera (VHDL)                                                                                                                                        ; <None>           ; --          ; --               ;
; EDA_TIME_SCALE                      ; 1 ps                                                                                                                                                          ; --               ; --          ; eda_simulation   ;
; ENABLE_SIGNALTAP                    ; On                                                                                                                                                            ; --               ; --          ; --               ;
; MAX_CORE_JUNCTION_TEMP              ; 85                                                                                                                                                            ; --               ; --          ; --               ;
; MIN_CORE_JUNCTION_TEMP              ; 0                                                                                                                                                             ; --               ; --          ; --               ;
; MISC_FILE                           ; uno4.bsf                                                                                                                                                      ; --               ; --          ; --               ;
; MISC_FILE                           ; uno4_inst.vhd                                                                                                                                                 ; --               ; --          ; --               ;
; MISC_FILE                           ; uno4.inc                                                                                                                                                      ; --               ; --          ; --               ;
; MISC_FILE                           ; uno4.cmp                                                                                                                                                      ; --               ; --          ; --               ;
; MISC_FILE                           ; dos4.bsf                                                                                                                                                      ; --               ; --          ; --               ;
; MISC_FILE                           ; dos4_inst.vhd                                                                                                                                                 ; --               ; --          ; --               ;
; MISC_FILE                           ; dos4.inc                                                                                                                                                      ; --               ; --          ; --               ;
; MISC_FILE                           ; dos4.cmp                                                                                                                                                      ; --               ; --          ; --               ;
; MISC_FILE                           ; tres4.bsf                                                                                                                                                     ; --               ; --          ; --               ;
; MISC_FILE                           ; tres4_inst.vhd                                                                                                                                                ; --               ; --          ; --               ;
; MISC_FILE                           ; tres4.inc                                                                                                                                                     ; --               ; --          ; --               ;
; MISC_FILE                           ; tres4.cmp                                                                                                                                                     ; --               ; --          ; --               ;
; MISC_FILE                           ; cuatro4.bsf                                                                                                                                                   ; --               ; --          ; --               ;
; MISC_FILE                           ; cuatro4_inst.vhd                                                                                                                                              ; --               ; --          ; --               ;
; MISC_FILE                           ; cuatro4.inc                                                                                                                                                   ; --               ; --          ; --               ;
; MISC_FILE                           ; cuatro4.cmp                                                                                                                                                   ; --               ; --          ; --               ;
; MISC_FILE                           ; cinco4.bsf                                                                                                                                                    ; --               ; --          ; --               ;
; MISC_FILE                           ; cinco4_inst.vhd                                                                                                                                               ; --               ; --          ; --               ;
; MISC_FILE                           ; cinco4.inc                                                                                                                                                    ; --               ; --          ; --               ;
; MISC_FILE                           ; cinco4.cmp                                                                                                                                                    ; --               ; --          ; --               ;
; MISC_FILE                           ; seis4.bsf                                                                                                                                                     ; --               ; --          ; --               ;
; MISC_FILE                           ; seis4_inst.vhd                                                                                                                                                ; --               ; --          ; --               ;
; MISC_FILE                           ; seis4.inc                                                                                                                                                     ; --               ; --          ; --               ;
; MISC_FILE                           ; seis4.cmp                                                                                                                                                     ; --               ; --          ; --               ;
; MISC_FILE                           ; siete4.bsf                                                                                                                                                    ; --               ; --          ; --               ;
; MISC_FILE                           ; siete4_inst.vhd                                                                                                                                               ; --               ; --          ; --               ;
; MISC_FILE                           ; siete4.inc                                                                                                                                                    ; --               ; --          ; --               ;
; MISC_FILE                           ; siete4.cmp                                                                                                                                                    ; --               ; --          ; --               ;
; MISC_FILE                           ; ocho4.bsf                                                                                                                                                     ; --               ; --          ; --               ;
; MISC_FILE                           ; ocho4_inst.vhd                                                                                                                                                ; --               ; --          ; --               ;
; MISC_FILE                           ; ocho4.inc                                                                                                                                                     ; --               ; --          ; --               ;
; MISC_FILE                           ; ocho4.cmp                                                                                                                                                     ; --               ; --          ; --               ;
; MISC_FILE                           ; nueve4.bsf                                                                                                                                                    ; --               ; --          ; --               ;
; MISC_FILE                           ; nueve4_inst.vhd                                                                                                                                               ; --               ; --          ; --               ;
; MISC_FILE                           ; nueve4.inc                                                                                                                                                    ; --               ; --          ; --               ;
; MISC_FILE                           ; nueve4.cmp                                                                                                                                                    ; --               ; --          ; --               ;
; MISC_FILE                           ; diez4.bsf                                                                                                                                                     ; --               ; --          ; --               ;
; MISC_FILE                           ; diez4_inst.vhd                                                                                                                                                ; --               ; --          ; --               ;
; MISC_FILE                           ; diez4.inc                                                                                                                                                     ; --               ; --          ; --               ;
; MISC_FILE                           ; diez4.cmp                                                                                                                                                     ; --               ; --          ; --               ;
; MISC_FILE                           ; veinte5.bsf                                                                                                                                                   ; --               ; --          ; --               ;
; MISC_FILE                           ; veinte5_inst.vhd                                                                                                                                              ; --               ; --          ; --               ;
; MISC_FILE                           ; veinte5.inc                                                                                                                                                   ; --               ; --          ; --               ;
; MISC_FILE                           ; veinte5.cmp                                                                                                                                                   ; --               ; --          ; --               ;
; PARTITION_COLOR                     ; -- (Not supported for targeted family)                                                                                                                        ; --               ; particion   ; Top              ;
; PARTITION_FITTER_PRESERVATION_LEVEL ; -- (Not supported for targeted family)                                                                                                                        ; --               ; particion   ; Top              ;
; PARTITION_NETLIST_TYPE              ; -- (Not supported for targeted family)                                                                                                                        ; --               ; particion   ; Top              ;
; PROJECT_OUTPUT_DIRECTORY            ; output_files                                                                                                                                                  ; --               ; --          ; --               ;
; SLD_FILE                            ; db/stp1_auto_stripped.stp                                                                                                                                     ; --               ; --          ; --               ;
; SLD_NODE_CREATOR_ID                 ; 110                                                                                                                                                           ; --               ; --          ; auto_signaltap_0 ;
; SLD_NODE_ENTITY_NAME                ; sld_signaltap                                                                                                                                                 ; --               ; --          ; auto_signaltap_0 ;
; SLD_NODE_PARAMETER_ASSIGNMENT       ; SLD_RAM_BLOCK_TYPE=AUTO                                                                                                                                       ; --               ; --          ; auto_signaltap_0 ;
; SLD_NODE_PARAMETER_ASSIGNMENT       ; SLD_DATA_BITS=39                                                                                                                                              ; --               ; --          ; auto_signaltap_0 ;
; SLD_NODE_PARAMETER_ASSIGNMENT       ; SLD_TRIGGER_BITS=39                                                                                                                                           ; --               ; --          ; auto_signaltap_0 ;
; SLD_NODE_PARAMETER_ASSIGNMENT       ; SLD_STORAGE_QUALIFIER_BITS=39                                                                                                                                 ; --               ; --          ; auto_signaltap_0 ;
; SLD_NODE_PARAMETER_ASSIGNMENT       ; SLD_NODE_INFO=805334528                                                                                                                                       ; --               ; --          ; auto_signaltap_0 ;
; SLD_NODE_PARAMETER_ASSIGNMENT       ; SLD_POWER_UP_TRIGGER=0                                                                                                                                        ; --               ; --          ; auto_signaltap_0 ;
; SLD_NODE_PARAMETER_ASSIGNMENT       ; SLD_INVERSION_MASK=000000000000000000000000000000000000000000000000000000000000000000000000000000000000000000000000000000000000000000000000000000000000000000 ; --               ; --          ; auto_signaltap_0 ;
; SLD_NODE_PARAMETER_ASSIGNMENT       ; SLD_INVERSION_MASK_LENGTH=138                                                                                                                                 ; --               ; --          ; auto_signaltap_0 ;
; SLD_NODE_PARAMETER_ASSIGNMENT       ; SLD_STORAGE_QUALIFIER_INVERSION_MASK_LENGTH=0                                                                                                                 ; --               ; --          ; auto_signaltap_0 ;
; SLD_NODE_PARAMETER_ASSIGNMENT       ; SLD_SEGMENT_SIZE=128                                                                                                                                          ; --               ; --          ; auto_signaltap_0 ;
; SLD_NODE_PARAMETER_ASSIGNMENT       ; SLD_ATTRIBUTE_MEM_MODE=OFF                                                                                                                                    ; --               ; --          ; auto_signaltap_0 ;
; SLD_NODE_PARAMETER_ASSIGNMENT       ; SLD_STATE_FLOW_USE_GENERATED=0                                                                                                                                ; --               ; --          ; auto_signaltap_0 ;
; SLD_NODE_PARAMETER_ASSIGNMENT       ; SLD_STATE_BITS=11                                                                                                                                             ; --               ; --          ; auto_signaltap_0 ;
; SLD_NODE_PARAMETER_ASSIGNMENT       ; SLD_BUFFER_FULL_STOP=1                                                                                                                                        ; --               ; --          ; auto_signaltap_0 ;
; SLD_NODE_PARAMETER_ASSIGNMENT       ; SLD_CURRENT_RESOURCE_WIDTH=1                                                                                                                                  ; --               ; --          ; auto_signaltap_0 ;
; SLD_NODE_PARAMETER_ASSIGNMENT       ; SLD_INCREMENTAL_ROUTING=1                                                                                                                                     ; --               ; --          ; auto_signaltap_0 ;
; SLD_NODE_PARAMETER_ASSIGNMENT       ; SLD_TRIGGER_LEVEL=1                                                                                                                                           ; --               ; --          ; auto_signaltap_0 ;
; SLD_NODE_PARAMETER_ASSIGNMENT       ; SLD_SAMPLE_DEPTH=128                                                                                                                                          ; --               ; --          ; auto_signaltap_0 ;
; SLD_NODE_PARAMETER_ASSIGNMENT       ; SLD_TRIGGER_IN_ENABLED=0                                                                                                                                      ; --               ; --          ; auto_signaltap_0 ;
; SLD_NODE_PARAMETER_ASSIGNMENT       ; SLD_TRIGGER_PIPELINE=0                                                                                                                                        ; --               ; --          ; auto_signaltap_0 ;
; SLD_NODE_PARAMETER_ASSIGNMENT       ; SLD_RAM_PIPELINE=0                                                                                                                                            ; --               ; --          ; auto_signaltap_0 ;
; SLD_NODE_PARAMETER_ASSIGNMENT       ; SLD_COUNTER_PIPELINE=0                                                                                                                                        ; --               ; --          ; auto_signaltap_0 ;
; SLD_NODE_PARAMETER_ASSIGNMENT       ; SLD_ADVANCED_TRIGGER_ENTITY=basic,1,                                                                                                                          ; --               ; --          ; auto_signaltap_0 ;
; SLD_NODE_PARAMETER_ASSIGNMENT       ; SLD_TRIGGER_LEVEL_PIPELINE=1                                                                                                                                  ; --               ; --          ; auto_signaltap_0 ;
; SLD_NODE_PARAMETER_ASSIGNMENT       ; SLD_ENABLE_ADVANCED_TRIGGER=0                                                                                                                                 ; --               ; --          ; auto_signaltap_0 ;
; TOP_LEVEL_ENTITY                    ; particion                                                                                                                                                     ; alarma_intrusion ; --          ; --               ;
; USE_SIGNALTAP_FILE                  ; stp1.stp                                                                                                                                                      ; --               ; --          ; --               ;
+-------------------------------------+---------------------------------------------------------------------------------------------------------------------------------------------------------------+------------------+-------------+------------------+


+--------------------------------------------------------------------------------------------------------------------------+
; Flow Elapsed Time                                                                                                        ;
+----------------------+--------------+-------------------------+---------------------+------------------------------------+
; Module Name          ; Elapsed Time ; Average Processors Used ; Peak Virtual Memory ; Total CPU Time (on all processors) ;
+----------------------+--------------+-------------------------+---------------------+------------------------------------+
; Analysis & Synthesis ; 00:00:55     ; 1.0                     ; 4863 MB             ; 00:01:02                           ;
; Fitter               ; 00:00:10     ; 1.0                     ; 5529 MB             ; 00:00:11                           ;
; Assembler            ; 00:00:02     ; 1.0                     ; 4682 MB             ; 00:00:02                           ;
; Timing Analyzer      ; 00:00:05     ; 1.0                     ; 4800 MB             ; 00:00:02                           ;
; EDA Netlist Writer   ; 00:00:05     ; 1.0                     ; 4664 MB             ; 00:00:04                           ;
; Total                ; 00:01:17     ; --                      ; --                  ; 00:01:21                           ;
+----------------------+--------------+-------------------------+---------------------+------------------------------------+


+------------------------------------------------------------------------------------+
; Flow OS Summary                                                                    ;
+----------------------+------------------+------------+------------+----------------+
; Module Name          ; Machine Hostname ; OS Name    ; OS Version ; Processor type ;
+----------------------+------------------+------------+------------+----------------+
; Analysis & Synthesis ; Steven-CJ        ; Windows 10 ; 10.0       ; x86_64         ;
; Fitter               ; Steven-CJ        ; Windows 10 ; 10.0       ; x86_64         ;
; Assembler            ; Steven-CJ        ; Windows 10 ; 10.0       ; x86_64         ;
; Timing Analyzer      ; Steven-CJ        ; Windows 10 ; 10.0       ; x86_64         ;
; EDA Netlist Writer   ; Steven-CJ        ; Windows 10 ; 10.0       ; x86_64         ;
+----------------------+------------------+------------+------------+----------------+


------------
; Flow Log ;
------------
quartus_map --read_settings_files=on --write_settings_files=off alarma_intrusion -c alarma_intrusion
quartus_fit --read_settings_files=off --write_settings_files=off alarma_intrusion -c alarma_intrusion
quartus_asm --read_settings_files=off --write_settings_files=off alarma_intrusion -c alarma_intrusion
quartus_sta alarma_intrusion -c alarma_intrusion
quartus_eda --read_settings_files=off --write_settings_files=off alarma_intrusion -c alarma_intrusion



